<?xml version="1.0" encoding="UTF-8"?>
<testsuite xmlns:xsi="http://www.w3.org/2001/XMLSchema-instance" xsi:noNamespaceSchemaLocation="https://maven.apache.org/surefire/maven-surefire-plugin/xsd/surefire-test-report-3.0.xsd" version="3.0" name="fr.telecom.middleware.test.RealtimeTest" time="0.534" tests="5" errors="0" skipped="0" failures="0">
  <properties>
[...]
</properties>
  <testcase name="testAsyncExecution" classname="fr.telecom.middleware.test.RealtimeTest" time="0.009">
    <system-err><![CDATA[[main] INFO fr.telecom.middleware.realtime.DeadlineMonitor - DeadlineMonitor initialisé (intervalle: 10ms)
[main] INFO fr.telecom.middleware.realtime.Scheduler - Scheduler temps-réel initialisé
[main] INFO fr.telecom.middleware.realtime.Scheduler - Scheduler arrêté
[main] INFO fr.telecom.middleware.realtime.DeadlineMonitor - DeadlineMonitor arrêté
]]></system-err>
  </testcase>
  <testcase name="testDeadlineMonitoring" classname="fr.telecom.middleware.test.RealtimeTest" time="0.07">
    <system-err><![CDATA[[main] INFO fr.telecom.middleware.realtime.DeadlineMonitor - DeadlineMonitor initialisé (intervalle: 10ms)
[main] INFO fr.telecom.middleware.realtime.DeadlineMonitor - DeadlineMonitor arrêté
]]></system-err>
  </testcase>
  <testcase name="testSchedulerBasicOperations" classname="fr.telecom.middleware.test.RealtimeTest" time="0.217">
    <system-err><![CDATA[[main] INFO fr.telecom.middleware.realtime.DeadlineMonitor - DeadlineMonitor initialisé (intervalle: 10ms)
[Time-limited test] INFO fr.telecom.middleware.realtime.Scheduler - Scheduler temps-réel initialisé
[Time-limited test] INFO fr.telecom.middleware.realtime.Scheduler - Scheduler arrêté
[main] INFO fr.telecom.middleware.realtime.DeadlineMonitor - DeadlineMonitor arrêté
]]></system-err>
  </testcase>
  <testcase name="testSchedulerPeriodicTask" classname="fr.telecom.middleware.test.RealtimeTest" time="0.234">
    <system-err><![CDATA[[main] INFO fr.telecom.middleware.realtime.DeadlineMonitor - DeadlineMonitor initialisé (intervalle: 10ms)
[main] INFO fr.telecom.middleware.realtime.Scheduler - Scheduler temps-réel initialisé
[main] INFO fr.telecom.middleware.realtime.Scheduler - Scheduler arrêté
[main] INFO fr.telecom.middleware.realtime.DeadlineMonitor - DeadlineMonitor arrêté
]]></system-err>
  </testcase>
  <testcase name="testSchedulerShutdown" classname="fr.telecom.middleware.test.RealtimeTest" time="0.001">
    <system-err><![CDATA[[main] INFO fr.telecom.middleware.realtime.DeadlineMonitor - DeadlineMonitor initialisé (intervalle: 10ms)
[main] INFO fr.telecom.middleware.realtime.Scheduler - Scheduler temps-réel initialisé
[main] INFO fr.telecom.middleware.realtime.Scheduler - Scheduler arrêté
[main] INFO fr.telecom.middleware.realtime.DeadlineMonitor - DeadlineMonitor arrêté
]]></system-err>
  </testcase>
</testsuite>